[02Apr2025 19:39:26.876] [main/INFO] [cpw.mods.modlauncher.Launcher/MODLAUNCHER]: ModLauncher running: args [--launchTarget, forgeclientuserdev, --version, 21.1.143, --assetIndex, asset-index, --assetsDir, C:\Users\Kaylum\.gradle\caches\minecraft\assets, --gameDir, ., --fml.neoForgeVersion, 21.1.143, --fml.fmlVersion, 4.0.38, --fml.mcVersion, 1.21.1, --fml.neoFormVersion, 20240808.144430]
[02Apr2025 19:39:26.879] [main/INFO] [cpw.mods.modlauncher.Launcher/MODLAUNCHER]: JVM identified as Oracle Corporation OpenJDK 64-Bit Server VM 21.0.1+12-29
[02Apr2025 19:39:26.881] [main/INFO] [cpw.mods.modlauncher.Launcher/MODLAUNCHER]: ModLauncher 11.0.4+main.d2e20e43 starting: java version 21.0.1 by Oracle Corporation; OS Windows 10 arch amd64 version 10.0
[02Apr2025 19:39:27.010] [main/INFO] [net.neoforged.fml.loading.ImmediateWindowHandler/]: Loading ImmediateWindowProvider fmlearlywindow
[02Apr2025 19:39:27.140] [main/INFO] [EARLYDISPLAY/]: Trying GL version 4.6
[02Apr2025 19:39:27.301] [main/INFO] [EARLYDISPLAY/]: Requested GL version 4.6 got version 4.6
[02Apr2025 19:39:27.410] [main/INFO] [mixin/]: SpongePowered MIXIN Subsystem Version=0.8.7 Source=union:/C:/Users/Kaylum/.gradle/caches/modules-2/files-2.1/net.fabricmc/sponge-mixin/0.15.2+mixin.0.8.7/2af2f021d8e02a0220dc27a7a72b4666d66d44ca/sponge-mixin-0.15.2+mixin.0.8.7.jar%23135!/ Service=ModLauncher Env=CLIENT
[02Apr2025 19:39:27.570] [main/INFO] [net.neoforged.fml.loading.moddiscovery.ModDiscoverer/SCAN]: Found mod file "neoforge-21.1.143.jar" [locator: neoforge devenv provider ([D:\Chisels-and-Bits-version-latest\Chisels-and-Bits-version-latest\neoforge\.gradle\repositories\ng_dummy_ng\net\neoforged\neoforge\21.1.143\neoforge-21.1.143.jar])]
[02Apr2025 19:39:27.593] [main/INFO] [net.neoforged.fml.loading.moddiscovery.ModDiscoverer/SCAN]: Found mod file "neoforge-21.1.143.jar" [locator: neoforge devenv provider ([D:\Chisels-and-Bits-version-latest\Chisels-and-Bits-version-latest\neoforge\.gradle\repositories\ng_dummy_ng\net\neoforged\neoforge\21.1.143\neoforge-21.1.143.jar])]
[02Apr2025 19:39:27.606] [main/INFO] [net.neoforged.fml.loading.moddiscovery.ModDiscoverer/SCAN]: Found mod file "main" [locator: userdev mods and services, reader: mod manifest]
[02Apr2025 19:39:27.620] [main/INFO] [net.neoforged.fml.loading.moddiscovery.ModDiscoverer/SCAN]: Found mod file "neoforge-21.1.143.jar" [locator: userdev mods and services, reader: mod manifest]
[02Apr2025 19:39:27.625] [main/INFO] [net.neoforged.fml.loading.moddiscovery.ModDiscoverer/SCAN]: Found mod file "neoforge-21.1.18.jar" [locator: userdev mods and services, reader: mod manifest]
[02Apr2025 19:39:27.630] [main/INFO] [net.neoforged.fml.loading.moddiscovery.ModDiscoverer/SCAN]: Found mod file "neoforge-21.1.5.jar" [locator: userdev mods and services, reader: mod manifest]
[02Apr2025 19:39:27.635] [main/INFO] [net.neoforged.fml.loading.moddiscovery.ModDiscoverer/SCAN]: Found mod file "item-asset-export-neoforge-1.0.2+1.21.jar" [locator: userdev mods and services, reader: mod manifest]
[02Apr2025 19:39:27.649] [pool-2-thread-1/INFO] [EARLYDISPLAY/]: GL info: NVIDIA GeForce GTX 1080/PCIe/SSE2 GL version 4.6.0 NVIDIA 566.36, NVIDIA Corporation
[02Apr2025 19:39:27.661] [main/INFO] [net.neoforged.fml.loading.moddiscovery.ModDiscoverer/SCAN]: Found gamelibrary file "chisels-and-bits-core-1.21.1-local.jar" [locator: userdev mods and services, reader: mod manifest]
[02Apr2025 19:39:27.665] [main/INFO] [net.neoforged.fml.loading.moddiscovery.ModDiscoverer/SCAN]: Found gamelibrary file "chisels-and-bits-api-1.21.1-local.jar" [locator: userdev mods and services, reader: mod manifest]
[02Apr2025 19:39:27.668] [main/INFO] [net.neoforged.fml.loading.moddiscovery.ModDiscoverer/SCAN]: Found gamelibrary file "core-21.1.18.jar" [locator: userdev mods and services, reader: mod manifest]
[02Apr2025 19:39:27.671] [main/INFO] [net.neoforged.fml.loading.moddiscovery.ModDiscoverer/SCAN]: Found gamelibrary file "core-21.1.5.jar" [locator: userdev mods and services, reader: mod manifest]
[02Apr2025 19:39:27.735] [main/INFO] [net.neoforged.fml.loading.moddiscovery.ModDiscoverer/SCAN]: Found gamelibrary file "mixinextras-neoforge-0.4.1.jar" [locator: userdev mods and services, reader: mod manifest]
[02Apr2025 19:39:27.860] [main/WARN] [net.neoforged.jarjar.selection.JarSelector/]: Attempted to select a dependency jar for JarJar which was passed in as source: library:mixinextras.neoforge. Using Mod File: C:\Users\Kaylum\.gradle\caches\modules-2\files-2.1\io.github.llamalad7\mixinextras-neoforge\0.4.1\eff97772ecd0dcf8e52cdbafd3b3ccec425f8314\mixinextras-neoforge-0.4.1.jar
[02Apr2025 19:39:27.860] [main/WARN] [net.neoforged.jarjar.selection.JarSelector/]: Attempted to select a dependency jar for JarJar which was passed in as source: library:scena_core. Using Mod File: C:\Users\Kaylum\.gradle\caches\modules-2\files-2.1\com.communi-suggestu.scena\core\21.1.18\65d2e4664c66d0c663a8e0b46fb96fdde5216914\core-21.1.18.jar
[02Apr2025 19:39:27.860] [main/WARN] [net.neoforged.jarjar.selection.JarSelector/]: Attempted to select a dependency jar for JarJar which was passed in as source: library:saecularia_caudices_core. Using Mod File: C:\Users\Kaylum\.gradle\caches\modules-2\files-2.1\com.communi-suggestu.saecularia-caudices\core\21.1.5\1171d977805a4abc1fcad33e9402499f5488436f\core-21.1.5.jar
[02Apr2025 19:39:27.860] [main/WARN] [net.neoforged.jarjar.selection.JarSelector/]: Attempted to select a dependency jar for JarJar which was passed in as source: saeculariacaudices. Using Mod File: C:\Users\Kaylum\.gradle\caches\modules-2\files-2.1\com.communi-suggestu.saecularia-caudices\neoforge\21.1.5\9241fbc5034559a8650395e0b3164357f5543b8b\neoforge-21.1.5.jar
[02Apr2025 19:39:27.861] [main/INFO] [net.neoforged.fml.loading.moddiscovery.locators.JarInJarDependencyLocator/]: Found 1 dependencies adding them to mods collection
[02Apr2025 19:39:27.861] [main/INFO] [net.neoforged.fml.loading.moddiscovery.ModDiscoverer/SCAN]: Found library file "neoforge-coremods-21.1.143.jar" [parent: neoforge-21.1.143.jar, locator: jarinjar, reader: mod manifest]
[02Apr2025 19:39:27.863] [main/INFO] [net.neoforged.fml.loading.moddiscovery.ModDiscoverer/]: 
     Mod List:
		Name Version (Mod Id)

		chisels-and-bits 1.21.1-local (chiselsandbits)
		Item Asset Exporter 1.0.2+1.21 (item_asset_export)
		Minecraft 1.21.1 (minecraft)
		NeoForge 21.1.143 (neoforge)
		Saecularia Caudices 21.1.5 (saeculariacaudices)
		scena 21.1.18 (scena)
[02Apr2025 19:39:28.515] [main/INFO] [mixin/]: Compatibility level set to JAVA_18
[02Apr2025 19:39:28.530] [main/INFO] [cpw.mods.modlauncher.LaunchServiceHandler/MODLAUNCHER]: Launching target 'forgeclientuserdev' with arguments [--version, 21.1.143, --gameDir, ., --assetsDir, C:\Users\Kaylum\.gradle\caches\minecraft\assets, --assetIndex, asset-index]
[02Apr2025 19:39:28.578] [main/WARN] [mixin/]: Reference map 'item_asset_export.refmap.json' for item_asset_export.mixins.json could not be read. If this is a development environment you can ignore this message
[02Apr2025 19:39:28.579] [main/WARN] [mixin/]: Reference map 'item_asset_export.refmap.json' for item_asset_export.render.mixins.json could not be read. If this is a development environment you can ignore this message
[02Apr2025 19:39:28.580] [main/WARN] [mixin/]: Reference map 'scena.refmap.json' for sc.mixins.json could not be read. If this is a development environment you can ignore this message
[02Apr2025 19:39:28.580] [main/WARN] [mixin/]: Reference map 'scena.refmap.json' for scena.mixins.json could not be read. If this is a development environment you can ignore this message
[02Apr2025 19:39:28.794] [main/INFO] [MixinExtras|Service/]: Initializing MixinExtras via com.llamalad7.mixinextras.service.MixinExtrasServiceImpl(version=0.4.1).
[02Apr2025 19:39:30.222] [Datafixer Bootstrap/INFO] [com.mojang.datafixers.DataFixerBuilder/]: 229 Datafixer optimizations took 381 milliseconds
[02Apr2025 19:39:34.993] [main/WARN] [net.minecraft.commands.Commands/]: Ambiguity between arguments [teleport, location] and [teleport, destination] with inputs: [0.1 -0.5 .9, 0 0 0]
[02Apr2025 19:39:34.994] [main/WARN] [net.minecraft.commands.Commands/]: Ambiguity between arguments [teleport, location] and [teleport, targets] with inputs: [0.1 -0.5 .9, 0 0 0]
[02Apr2025 19:39:34.997] [main/WARN] [net.minecraft.commands.Commands/]: Ambiguity between arguments [teleport, destination] and [teleport, targets] with inputs: [Player, 0123, @e, dd12be42-52a9-4a91-a8a1-11c01849e498]
[02Apr2025 19:39:34.998] [main/WARN] [net.minecraft.commands.Commands/]: Ambiguity between arguments [teleport, targets] and [teleport, destination] with inputs: [Player, 0123, dd12be42-52a9-4a91-a8a1-11c01849e498]
[02Apr2025 19:39:34.999] [main/WARN] [net.minecraft.commands.Commands/]: Ambiguity between arguments [teleport, targets, location] and [teleport, targets, destination] with inputs: [0.1 -0.5 .9, 0 0 0]
[02Apr2025 19:39:35.109] [Render thread/WARN] [net.minecraft.server.packs.VanillaPackResourcesBuilder/]: Assets URL 'union:/D:/Chisels-and-Bits-version-latest/Chisels-and-Bits-version-latest/neoforge/.gradle/repositories/ng_dummy_ng/net/neoforged/neoforge/21.1.143/neoforge-21.1.143.jar%23189!/assets/.mcassetsroot' uses unexpected schema
[02Apr2025 19:39:35.109] [Render thread/WARN] [net.minecraft.server.packs.VanillaPackResourcesBuilder/]: Assets URL 'union:/D:/Chisels-and-Bits-version-latest/Chisels-and-Bits-version-latest/neoforge/.gradle/repositories/ng_dummy_ng/net/neoforged/neoforge/21.1.143/neoforge-21.1.143.jar%23189!/data/.mcassetsroot' uses unexpected schema
[02Apr2025 19:39:35.130] [Render thread/INFO] [com.mojang.authlib.yggdrasil.YggdrasilAuthenticationService/]: Environment: Environment[sessionHost=https://sessionserver.mojang.com, servicesHost=https://api.minecraftservices.com, name=PROD]
[02Apr2025 19:39:35.141] [Render thread/INFO] [net.minecraft.client.Minecraft/]: Setting user: Dev
[02Apr2025 19:39:35.235] [Render thread/INFO] [net.minecraft.client.Minecraft/]: Backend library: LWJGL version 3.3.3+5
[02Apr2025 19:39:35.437] [modloading-worker-0/INFO] [net.neoforged.neoforge.common.NeoForgeMod/NEOFORGE-MOD]: NeoForge mod loading, version 21.1.143, for MC 1.21.1
[02Apr2025 19:39:35.607] [modloading-worker-0/INFO] [scena-forge/]: Initialized scena-forge
[02Apr2025 19:39:35.634] [modloading-worker-0/INFO] [mod.bitsnblocks.forge.Forge/]: Initialized Chisels&Bits - Forge
[02Apr2025 19:39:35.663] [modloading-worker-0/INFO] [mod.bitsnblocks.registrars.ModBlockEntityTypes/]: Loaded block entity configuration.
[02Apr2025 19:39:35.672] [modloading-worker-0/INFO] [mod.bitsnblocks.registrars.ModBlocks/]: Loaded block configuration.
[02Apr2025 19:39:35.675] [modloading-worker-0/INFO] [mod.bitsnblocks.registrars.ModChiselModeGroups/]: Loaded chisel mode group configuration.
[02Apr2025 19:39:35.706] [modloading-worker-0/INFO] [mod.bitsnblocks.registrars.ModChiselModes/]: Loaded chisel mode configuration.
[02Apr2025 19:39:35.707] [modloading-worker-0/INFO] [mod.bitsnblocks.registrars.ModContainerTypes/]: Loaded container type configuration.
[02Apr2025 19:39:35.709] [modloading-worker-0/INFO] [mod.bitsnblocks.registrars.ModCreativeTabs/]: Loaded item group configuration.
[02Apr2025 19:39:35.721] [modloading-worker-0/INFO] [mod.bitsnblocks.registrars.ModItems/]: Loaded item configuration.
[02Apr2025 19:39:35.724] [modloading-worker-0/INFO] [mod.bitsnblocks.registrars.ModMetadataKeys/]: Loaded metadata key configuration.
[02Apr2025 19:39:35.726] [modloading-worker-0/INFO] [mod.bitsnblocks.registrars.ModModelProperties/]: Loaded model property configuration.
[02Apr2025 19:39:35.728] [modloading-worker-0/INFO] [mod.bitsnblocks.registrars.ModModificationOperation/]: Loaded modification operation configuration.
[02Apr2025 19:39:35.729] [modloading-worker-0/INFO] [mod.bitsnblocks.registrars.ModModificationOperationGroups/]: Loaded modification operation group configuration.
[02Apr2025 19:39:35.733] [modloading-worker-0/INFO] [mod.bitsnblocks.registrars.ModPatternPlacementTypes/]: Loaded pattern placement type configuration.
[02Apr2025 19:39:35.734] [modloading-worker-0/INFO] [mod.bitsnblocks.registrars.ModRecipeSerializers/]: Loaded recipe serializer configuration.
[02Apr2025 19:39:35.734] [modloading-worker-0/INFO] [mod.bitsnblocks.registrars.ModTags/]: Loaded tag configuration.
[02Apr2025 19:39:35.735] [modloading-worker-0/INFO] [mod.bitsnblocks.registrars.ModRecipeTypes/]: Registering recipe types.
[02Apr2025 19:39:35.741] [modloading-worker-0/INFO] [mod.bitsnblocks.registrars.ModChangeTypes/]: Loaded change type configuration.
[02Apr2025 19:39:35.762] [modloading-worker-0/INFO] [mod.bitsnblocks.registrars.ModMultiStateSnapshotTypes/]: Loaded change type configuration.
[02Apr2025 19:39:35.764] [modloading-worker-0/INFO] [mod.bitsnblocks.registrars.ModDataComponentTypes/]: Loaded data component types.
[02Apr2025 19:39:35.765] [modloading-worker-0/INFO] [mod.bitsnblocks.registrars.ModEventHandler/]: Registering event handlers
[02Apr2025 19:39:35.783] [modloading-worker-0/INFO] [mod.bitsnblocks.forge.Forge/]: Initialized Chisels&Bits-Forge client
[02Apr2025 19:39:36.269] [Render thread/INFO] [mod.bitsnblocks.client.reloading.ClientResourceReloadingManager/]: Setting up client reloading resource manager.
[02Apr2025 19:39:36.492] [Render thread/INFO] [net.neoforged.neoforge.gametest.GameTestHooks/]: Enabled Gametest Namespaces: []
[02Apr2025 19:39:36.620] [Render thread/INFO] [net.minecraft.server.packs.resources.ReloadableResourceManager/]: Reloading ResourceManager: vanilla, mod_resources, mod/item_asset_export, mod/neoforge, mod/saeculariacaudices, mod/scena, mod/chiselsandbits, chiselsandbits-core
[02Apr2025 19:39:36.689] [Worker-Main-4/INFO] [net.minecraft.client.gui.font.providers.UnihexProvider/]: Found unifont_all_no_pua-15.1.05.hex, loading
[02Apr2025 19:39:36.694] [NeoForge Version Check/INFO] [net.neoforged.fml.VersionChecker/]: [chiselsandbits] Starting version check at https://curseupdate.com/231095/chiselsandbits?ml=neoforge
[02Apr2025 19:39:36.796] [Worker-Main-6/INFO] [net.minecraft.client.gui.font.providers.UnihexProvider/]: Found unifont_jp_patch-15.1.05.hex, loading
[02Apr2025 19:39:37.141] [NeoForge Version Check/INFO] [net.neoforged.fml.VersionChecker/]: [chiselsandbits] Found status: OUTDATED Current: 1.21.1-local Target: 21.1.25
[02Apr2025 19:39:38.115] [Render thread/WARN] [net.minecraft.client.sounds.SoundEngine/]: Missing sound for event: minecraft:item.goat_horn.play
[02Apr2025 19:39:38.116] [Render thread/WARN] [net.minecraft.client.sounds.SoundEngine/]: Missing sound for event: minecraft:entity.goat.screaming.horn_break
[02Apr2025 19:39:38.158] [Render thread/INFO] [com.mojang.blaze3d.audio.Library/]: OpenAL initialized on device OpenAL Soft on Speakers (M-Audio M-Track Solo and Duo)
[02Apr2025 19:39:38.159] [Render thread/INFO] [net.minecraft.client.sounds.SoundEngine/SOUNDS]: Sound engine started
[02Apr2025 19:39:38.310] [Render thread/INFO] [mod.bitsnblocks.client.reloading.ClientResourceReloadingManager/]: Resetting client caches
[02Apr2025 19:39:38.312] [Render thread/INFO] [mod.bitsnblocks.reloading.DataReloadingResourceManager/]: Resetting common caches
[02Apr2025 19:39:38.312] [Render thread/INFO] [net.minecraft.client.renderer.texture.TextureAtlas/]: Created: 128x128x0 chiselsandbits:textures/atlases/icons.png-atlas
[02Apr2025 19:39:38.313] [Render thread/INFO] [net.minecraft.client.renderer.texture.TextureAtlas/]: Created: 1024x512x4 minecraft:textures/atlas/blocks.png-atlas
[02Apr2025 19:39:38.319] [Render thread/INFO] [net.minecraft.client.renderer.texture.TextureAtlas/]: Created: 256x256x4 minecraft:textures/atlas/signs.png-atlas
[02Apr2025 19:39:38.320] [Render thread/INFO] [net.minecraft.client.renderer.texture.TextureAtlas/]: Created: 512x512x4 minecraft:textures/atlas/shield_patterns.png-atlas
[02Apr2025 19:39:38.320] [Render thread/INFO] [net.minecraft.client.renderer.texture.TextureAtlas/]: Created: 512x512x4 minecraft:textures/atlas/banner_patterns.png-atlas
[02Apr2025 19:39:38.321] [Render thread/INFO] [net.minecraft.client.renderer.texture.TextureAtlas/]: Created: 1024x1024x4 minecraft:textures/atlas/armor_trims.png-atlas
[02Apr2025 19:39:38.323] [Render thread/INFO] [net.minecraft.client.renderer.texture.TextureAtlas/]: Created: 256x256x4 minecraft:textures/atlas/chest.png-atlas
[02Apr2025 19:39:38.324] [Render thread/INFO] [net.minecraft.client.renderer.texture.TextureAtlas/]: Created: 128x64x4 minecraft:textures/atlas/decorated_pot.png-atlas
[02Apr2025 19:39:38.324] [Render thread/INFO] [net.minecraft.client.renderer.texture.TextureAtlas/]: Created: 512x256x4 minecraft:textures/atlas/shulker_boxes.png-atlas
[02Apr2025 19:39:38.324] [Render thread/INFO] [net.minecraft.client.renderer.texture.TextureAtlas/]: Created: 512x256x4 minecraft:textures/atlas/beds.png-atlas
[02Apr2025 19:39:38.486] [Render thread/INFO] [net.minecraft.client.renderer.texture.TextureAtlas/]: Created: 512x256x0 minecraft:textures/atlas/particles.png-atlas
[02Apr2025 19:39:38.487] [Render thread/INFO] [net.minecraft.client.renderer.texture.TextureAtlas/]: Created: 512x256x0 minecraft:textures/atlas/paintings.png-atlas
[02Apr2025 19:39:38.488] [Render thread/INFO] [net.minecraft.client.renderer.texture.TextureAtlas/]: Created: 256x128x0 minecraft:textures/atlas/mob_effects.png-atlas
[02Apr2025 19:39:38.488] [Render thread/INFO] [net.minecraft.client.renderer.texture.TextureAtlas/]: Created: 64x64x0 minecraft:textures/atlas/map_decorations.png-atlas
[02Apr2025 19:39:38.488] [Render thread/INFO] [net.minecraft.client.renderer.texture.TextureAtlas/]: Created: 1024x512x0 minecraft:textures/atlas/gui.png-atlas
[02Apr2025 19:39:38.511] [Render thread/WARN] [net.minecraft.client.renderer.ShaderInstance/]: Shader rendertype_entity_translucent_emissive could not find sampler named Sampler2 in the specified shader program.
[02Apr2025 19:39:38.560] [Render thread/INFO] [net.neoforged.neoforge.client.entity.animation.json.AnimationLoader/]: Loaded 0 entity animations
[02Apr2025 19:39:55.579] [Render thread/INFO] [net.minecraft.world.item.crafting.RecipeManager/]: Loaded 1311 recipes
[02Apr2025 19:39:55.752] [Render thread/INFO] [net.minecraft.advancements.AdvancementTree/]: Loaded 1418 advancements
[02Apr2025 19:39:56.208] [Server thread/INFO] [net.minecraft.client.server.IntegratedServer/]: Starting integrated minecraft server version 1.21.1
[02Apr2025 19:39:56.208] [Server thread/INFO] [net.minecraft.server.MinecraftServer/]: Generating keypair
[02Apr2025 19:39:56.300] [Server thread/WARN] [net.neoforged.fml.config.ConfigTracker/CONFIG]: Configuration file D:\Chisels-and-Bits-version-latest\Chisels-and-Bits-version-latest\neoforge\runs\client\no-shader\config\chiselsandbits-server.toml is not correct. Correcting
[02Apr2025 19:39:57.327] [Server thread/INFO] [net.minecraft.server.MinecraftServer/]: Preparing start region for dimension minecraft:overworld
[02Apr2025 19:39:57.550] [progressListener/INFO] [net.minecraft.server.level.progress.LoggerChunkProgressListener/]: Preparing spawn area: 0%
[02Apr2025 19:39:57.759] [Server thread/INFO] [net.neoforged.neoforge.server.permission.PermissionAPI/]: Successfully initialized permission handler neoforge:default_handler
[02Apr2025 19:39:57.760] [progressListener/INFO] [net.minecraft.server.level.progress.LoggerChunkProgressListener/]: Time elapsed: 429 ms
[02Apr2025 19:39:57.943] [Server thread/INFO] [net.minecraft.client.server.IntegratedServer/]: Changing view distance to 12, from 10
[02Apr2025 19:39:57.943] [Server thread/INFO] [net.minecraft.client.server.IntegratedServer/]: Changing simulation distance to 12, from 0
[02Apr2025 19:39:58.548] [Server thread/INFO] [net.minecraft.server.players.PlayerList/]: Dev[local:E:c7974882] logged in with entity id 59 at (-7.183428058974758, 70.0, 12.887985847851017)
[02Apr2025 19:39:58.588] [Server thread/INFO] [net.minecraft.server.MinecraftServer/]: Dev joined the game
[02Apr2025 19:39:59.053] [Render thread/INFO] [net.minecraft.advancements.AdvancementTree/]: Loaded 9 advancements
[02Apr2025 19:40:17.913] [Server thread/INFO] [net.minecraft.client.server.IntegratedServer/]: Saving and pausing game...
[02Apr2025 19:40:17.952] [Server thread/INFO] [net.minecraft.server.MinecraftServer/]: Saving chunks for level 'ServerLevel[New World]'/minecraft:overworld
[02Apr2025 19:40:17.973] [Server thread/INFO] [net.minecraft.server.MinecraftServer/]: Saving chunks for level 'ServerLevel[New World]'/minecraft:the_end
[02Apr2025 19:40:17.973] [Server thread/INFO] [net.minecraft.server.MinecraftServer/]: Saving chunks for level 'ServerLevel[New World]'/minecraft:the_nether
[02Apr2025 19:40:30.561] [Server thread/INFO] [net.minecraft.client.server.IntegratedServer/]: Saving and pausing game...
[02Apr2025 19:40:30.619] [Server thread/INFO] [net.minecraft.server.MinecraftServer/]: Saving chunks for level 'ServerLevel[New World]'/minecraft:overworld
[02Apr2025 19:40:30.631] [Server thread/INFO] [net.minecraft.server.MinecraftServer/]: Saving chunks for level 'ServerLevel[New World]'/minecraft:the_end
[02Apr2025 19:40:30.631] [Server thread/INFO] [net.minecraft.server.MinecraftServer/]: Saving chunks for level 'ServerLevel[New World]'/minecraft:the_nether
[02Apr2025 19:40:31.270] [Server thread/INFO] [net.minecraft.server.network.ServerGamePacketListenerImpl/]: Dev lost connection: Disconnected
[02Apr2025 19:40:31.270] [Server thread/INFO] [net.minecraft.server.MinecraftServer/]: Dev left the game
[02Apr2025 19:40:31.714] [Server thread/INFO] [net.minecraft.server.network.ServerCommonPacketListenerImpl/]: Stopping singleplayer server as player logged out
[02Apr2025 19:40:31.743] [Server thread/INFO] [net.minecraft.server.MinecraftServer/]: Stopping server
[02Apr2025 19:40:31.743] [Server thread/INFO] [net.minecraft.server.MinecraftServer/]: Saving players
[02Apr2025 19:40:31.744] [Server thread/INFO] [net.minecraft.server.MinecraftServer/]: Saving worlds
[02Apr2025 19:40:32.075] [Server thread/INFO] [net.minecraft.server.MinecraftServer/]: Saving chunks for level 'ServerLevel[New World]'/minecraft:overworld
[02Apr2025 19:40:32.752] [Server thread/INFO] [net.minecraft.server.MinecraftServer/]: Saving chunks for level 'ServerLevel[New World]'/minecraft:the_end
[02Apr2025 19:40:32.801] [Server thread/INFO] [net.minecraft.server.MinecraftServer/]: Saving chunks for level 'ServerLevel[New World]'/minecraft:the_nether
[02Apr2025 19:40:32.876] [Server thread/INFO] [net.minecraft.server.MinecraftServer/]: ThreadedAnvilChunkStorage (New World): All chunks are saved
[02Apr2025 19:40:32.876] [Server thread/INFO] [net.minecraft.server.MinecraftServer/]: ThreadedAnvilChunkStorage (DIM1): All chunks are saved
[02Apr2025 19:40:32.876] [Server thread/INFO] [net.minecraft.server.MinecraftServer/]: ThreadedAnvilChunkStorage (DIM-1): All chunks are saved
[02Apr2025 19:40:32.877] [Server thread/INFO] [net.minecraft.server.MinecraftServer/]: ThreadedAnvilChunkStorage: All dimensions are saved
[02Apr2025 19:40:33.230] [Render thread/INFO] [net.minecraft.client.Minecraft/]: Stopping!
